<?xml version="1.0" encoding="UTF-8"?>
<testng-results ignored="0" total="1" passed="1" failed="0" skipped="0">
  <reporter-output>
  </reporter-output>
  <suite started-at="2024-03-28T11:08:00 IST" name="Suite" finished-at="2024-03-28T11:08:38 IST" duration-ms="37722">
    <groups>
    </groups>
    <test started-at="2024-03-28T11:08:00 IST" name="chromeTest" finished-at="2024-03-28T11:08:38 IST" duration-ms="37722">
      <class name="test.TC008_Checkout">
        <test-method is-config="true" signature="launchBrowser(java.lang.String,java.lang.String)[pri:0, instance:test.TC008_Checkout@71075444]" started-at="2024-03-28T11:08:00 IST" name="launchBrowser" finished-at="2024-03-28T11:08:03 IST" duration-ms="2684" status="PASS">
          <params>
            <param index="0">
              <value>
                <![CDATA[chrome]]>
              </value>
            </param>
            <param index="1">
              <value>
                <![CDATA[https://www.bestbuy.com/]]>
              </value>
            </param>
          </params>
          <reporter-output>
          </reporter-output>
        </test-method> <!-- launchBrowser -->
        <test-method signature="payment()[pri:0, instance:test.TC008_Checkout@71075444]" started-at="2024-03-28T11:08:03 IST" name="payment" finished-at="2024-03-28T11:08:38 IST" duration-ms="34587" status="PASS">
          <reporter-output>
          </reporter-output>
        </test-method> <!-- payment -->
        <test-method is-config="true" signature="browserClose()[pri:0, instance:test.TC008_Checkout@71075444]" started-at="2024-03-28T11:08:38 IST" name="browserClose" finished-at="2024-03-28T11:08:38 IST" duration-ms="422" status="PASS">
          <reporter-output>
          </reporter-output>
        </test-method> <!-- browserClose -->
      </class> <!-- test.TC008_Checkout -->
    </test> <!-- chromeTest -->
  </suite> <!-- Suite -->
</testng-results>
